[Sun, 15 Nov 2020 11:26:55 +0700] [localhost] [::1] [Warning(2): file_get_contents(C:/xampp/htdocs/nukeviet4.4.02setup/nukeviet/themes//modules/test\main.tpl): failed to open stream: No such file or directory] [FILE: /includes/xtemplate.class.php] [LINE: 1395] [TRACE:]
#1  LINE: 175   FILE: /admin/index.php
#2  LINE: 21    FILE: /modules/test/admin/main.php
#3  LINE: 395   FILE: /includes/xtemplate.class.php
#4  LINE: 508   FILE: /includes/xtemplate.class.php
#5  LINE: 539   FILE: /includes/xtemplate.class.php
#6  LINE: 1427  FILE: /includes/xtemplate.class.php
#7  LINE: 1395  FILE: /includes/xtemplate.class.php

[Sun, 15 Nov 2020 11:52:01 +0700] [localhost] [::1] [Notice(8): Undefined index: test] [FILE: /modules/test/admin/test.php] [LINE: 15] [TRACE:]
#1  LINE: 175   FILE: /admin/index.php

[Sun, 15 Nov 2020 11:52:01 +0700] [localhost] [::1] [Notice(8): Undefined index: content] [FILE: /vendor/vinades/nukeviet/Core/Optimizer.php] [LINE: 92] [TRACE:]
#1  LINE: 175   FILE: /admin/index.php
#2  LINE: 40    FILE: /modules/test/admin/test.php
#3  LINE: 24    FILE: /includes/footer.php
#4  LINE: 2051  FILE: /includes/functions.php

[Sun, 15 Nov 2020 16:28:32 +0700] [localhost] [::1] [Notice(8): Undefined index: category] [FILE: /modules/category/admin/category.php] [LINE: 15] [TRACE:]
#1  LINE: 175   FILE: /admin/index.php

[Sun, 15 Nov 2020 16:56:39 +0700] [localhost] [::1] [Notice(8): Undefined variable: departmentid] [FILE: /modules/contact/admin/supporter.php] [LINE: 129] [TRACE:]
#1  LINE: 175   FILE: /admin/index.php

[Sun, 15 Nov 2020 16:56:39 +0700] [localhost] [::1] [Notice(8): Undefined variable: num_items] [FILE: /modules/contact/admin/supporter.php] [LINE: 132] [TRACE:]
#1  LINE: 175   FILE: /admin/index.php

[Sun, 15 Nov 2020 16:56:39 +0700] [localhost] [::1] [Warning(2): Division by zero] [FILE: /includes/functions.php] [LINE: 1539] [TRACE:]
#1  LINE: 175   FILE: /admin/index.php
#2  LINE: 132   FILE: /modules/contact/admin/supporter.php

[Sun, 15 Nov 2020 16:56:39 +0700] [localhost] [::1] [Notice(8): Undefined variable: page] [FILE: /modules/contact/admin/supporter.php] [LINE: 137] [TRACE:]
#1  LINE: 175   FILE: /admin/index.php

